GitHub Checkin Start: Sun Jun 8 16:48:54 UTC 2014
Checking in database: ./EvolutionOfAndroidApplications.sqlite Sun Jun 8 16:48:55 UTC 2014
Start Pushing to Public Repo: Sun Jun 8 16:48:55 UTC 2014
GitHub Checkin Start: Sun Jun 8 16:49:07 UTC 2014
Checking in database: ./EvolutionOfAndroidApplications.sqlite Sun Jun 8 16:49:07 UTC 2014
Start Pushing to Public Repo: Sun Jun 8 16:49:07 UTC 2014
GitHub Checkin Start: Sun Jun 8 16:49:33 UTC 2014
Checking in database: ./EvolutionOfAndroidApplications.sqlite Sun Jun 8 16:49:33 UTC 2014
Start Pushing to Public Repo: Sun Jun 8 16:49:33 UTC 2014
GitHub Checkin Start: Sun Jun 8 16:55:40 UTC 2014
Checking in database: ./EvolutionOfAndroidApplications.sqlite Sun Jun 8 16:55:40 UTC 2014
Start Pushing to Public Repo: Sun Jun 8 16:55:40 UTC 2014
Copy DB: Sun Jun 8 16:55:40 UTC 2014
Check the repo into GH: Sun Jun 8 16:55:41 UTC 2014
GitHub Checkin Start: Sun Jun 8 16:55:59 UTC 2014
Checking in database: ./EvolutionOfAndroidApplications.sqlite Sun Jun 8 16:55:59 UTC 2014
Start Pushing to Public Repo: Sun Jun 8 16:55:59 UTC 2014
Copy DB: Sun Jun 8 16:55:59 UTC 2014
Check the repo into GH: Sun Jun 8 16:55:59 UTC 2014
GitHub Checkin Start: Sun Jun 8 16:56:03 UTC 2014
Checking in database: ./EvolutionOfAndroidApplications.sqlite Sun Jun 8 16:56:03 UTC 2014
Start Pushing to Public Repo: Sun Jun 8 16:56:03 UTC 2014
Copy DB: Sun Jun 8 16:56:03 UTC 2014
Check the repo into GH: Sun Jun 8 16:56:03 UTC 2014
GitHub Checkin Start: Sun Jun 8 16:56:48 UTC 2014
Checking in database: ./EvolutionOfAndroidApplications.sqlite Sun Jun 8 16:56:49 UTC 2014
Start Pushing to Public Repo: Sun Jun 8 16:56:49 UTC 2014
Copy DB: Sun Jun 8 16:56:49 UTC 2014
Check the repo into GH: Sun Jun 8 16:56:50 UTC 2014
GitHub Checkin Start: Sun Jun 8 16:59:43 UTC 2014
Checking in database: ./EvolutionOfAndroidApplications.sqlite Sun Jun 8 16:59:44 UTC 2014
Start Pushing to Public Repo: Sun Jun 8 16:59:44 UTC 2014
Copy DB: Sun Jun 8 16:59:44 UTC 2014
Check the repo into GH: Sun Jun 8 16:59:44 UTC 2014
GitHub Checkin Start: Sun Jun 8 17:00:37 UTC 2014
Checking in database: ./EvolutionOfAndroidApplications.sqlite Sun Jun 8 17:00:37 UTC 2014
Start Pushing to Public Repo: Sun Jun 8 17:00:37 UTC 2014
Copy DB: Sun Jun 8 17:00:37 UTC 2014
Check the repo into GH: Sun Jun 8 17:00:37 UTC 2014
GitHub Checkin Start: Sun Jun 8 17:01:35 UTC 2014
Checking in database: ./EvolutionOfAndroidApplications.sqlite Sun Jun 8 17:01:35 UTC 2014
Start Pushing to Public Repo: Sun Jun 8 17:01:35 UTC 2014
Copy DB: Sun Jun 8 17:01:35 UTC 2014
Check the repo into GH: Sun Jun 8 17:01:36 UTC 2014
GitHub Checkin Start: Sun Jun 8 17:02:58 UTC 2014
Checking in database: ./EvolutionOfAndroidApplications.sqlite Sun Jun 8 17:02:58 UTC 2014
Start Pushing to Public Repo: Sun Jun 8 17:02:58 UTC 2014
Copy DB: Sun Jun 8 17:02:58 UTC 2014
Check the repo into GH: Sun Jun 8 17:02:58 UTC 2014
GitHub Checkin Start: Sun Jun 8 17:03:49 UTC 2014
Checking in database: ./EvolutionOfAndroidApplications.sqlite Sun Jun 8 17:03:49 UTC 2014
Start Pushing to Public Repo: Sun Jun 8 17:03:49 UTC 2014
Copy DB: Sun Jun 8 17:03:49 UTC 2014
Check the repo into GH: Sun Jun 8 17:03:49 UTC 2014
GitHub Checkin Start: Sun Jun 8 17:04:04 UTC 2014
Checking in database: ./EvolutionOfAndroidApplications.sqlite Sun Jun 8 17:04:04 UTC 2014
Start Pushing to Public Repo: Sun Jun 8 17:04:04 UTC 2014
Copy DB: Sun Jun 8 17:04:04 UTC 2014
Check the repo into GH: Sun Jun 8 17:04:04 UTC 2014
GitHub Checkin Start: Sun Jun 8 17:04:40 UTC 2014
Checking in database: ./EvolutionOfAndroidApplications.sqlite Sun Jun 8 17:04:40 UTC 2014
Start Pushing to Public Repo: Sun Jun 8 17:04:40 UTC 2014
Copy DB: Sun Jun 8 17:04:40 UTC 2014
Check the repo into GH: Sun Jun 8 17:04:40 UTC 2014
GitHub Checkin Start: Sun Jun 8 17:05:34 UTC 2014
Checking in database: ./EvolutionOfAndroidApplications.sqlite Sun Jun 8 17:05:34 UTC 2014
Start Pushing to Public Repo: Sun Jun 8 17:05:34 UTC 2014
Copy DB: Sun Jun 8 17:05:34 UTC 2014
Check the repo into GH: Sun Jun 8 17:05:34 UTC 2014
GitHub Checkin Start: Sun Jun 8 17:05:56 UTC 2014
Checking in database: ./EvolutionOfAndroidApplications.sqlite Sun Jun 8 17:05:56 UTC 2014
Start Pushing to Public Repo: Sun Jun 8 17:05:56 UTC 2014
Copy DB: Sun Jun 8 17:05:56 UTC 2014
Check the repo into GH: Sun Jun 8 17:05:57 UTC 2014
GitHub Checkin Start: Sun Jun 8 17:08:03 UTC 2014
Checking in database: ./EvolutionOfAndroidApplications.sqlite Sun Jun 8 17:08:03 UTC 2014
Start Pushing to Public Repo: Sun Jun 8 17:08:03 UTC 2014
Copy DB: Sun Jun 8 17:08:03 UTC 2014
Check the repo into GH: Sun Jun 8 17:08:03 UTC 2014
Committing to GitHub: Sun Jun 8 17:08:16 UTC 2014
