Stowaway Start: Sun Jul 20 12:00:06 EDT 2014
Begin analyzing:  fe669a35-fca7-42fd-a255-fd907a47d7de Sun Jul 20 12:00:06 EDT 2014
Begin analyzing:  a8ee2ce2-0696-4c15-82fa-dc82c46b4f5a Sun Jul 20 12:00:18 EDT 2014
Begin analyzing:  e1d4c882-77bb-4eff-991b-824fbeb144a1 Sun Jul 20 12:03:41 EDT 2014
Begin analyzing:  01125cb2-99a6-4c03-b555-a956ad234af1 Sun Jul 20 12:04:36 EDT 2014
Begin analyzing:  d43c3273-52a4-45ad-92b4-c1eabfbc1611 Sun Jul 20 12:04:41 EDT 2014
Begin analyzing:  ae253794-6845-484a-9497-3a06dc81b8b5 Sun Jul 20 12:04:48 EDT 2014
Begin analyzing:  27a5618c-dbd9-4153-a55b-dd4a83d67ebe Sun Jul 20 12:06:15 EDT 2014
Begin analyzing:  19c30452-56a2-4992-9541-de5c6071bc71 Sun Jul 20 12:07:18 EDT 2014
Begin analyzing:  93a01990-5aa4-4b6e-8d42-3e50f90e0679 Sun Jul 20 12:07:28 EDT 2014
Begin analyzing:  2b4abeb9-9f8a-4d11-8037-0b8dc8af2bb9 Sun Jul 20 12:08:37 EDT 2014
Begin analyzing:  c89a86d0-81cb-441d-ac1a-75a9e08f8702 Sun Jul 20 12:10:32 EDT 2014
Begin analyzing:  af835234-5c04-452d-9baa-f1f026ababcd Sun Jul 20 12:12:53 EDT 2014
Begin analyzing:  637d6b36-360e-4676-9c77-b85aec513eb4 Sun Jul 20 12:15:20 EDT 2014
Begin analyzing:  e36557ef-b8a4-4f40-8e19-ba8930387d6a Sun Jul 20 12:15:26 EDT 2014
Begin analyzing:  43994abe-87f8-4d89-8500-1e8add991460 Sun Jul 20 12:15:48 EDT 2014
Begin analyzing:  1cb956f8-f3ff-4ce9-8340-1c5931c23d23 Sun Jul 20 12:16:11 EDT 2014
Begin analyzing:  c29364fe-a5ea-4036-88aa-f809bc641eea Sun Jul 20 12:16:39 EDT 2014
Begin analyzing:  bbfc3fb1-b74d-4aad-b2e6-9941e054b91c Sun Jul 20 12:19:49 EDT 2014
Begin analyzing:  3c5a80f3-b32b-48e4-81fa-15db6cc2220d Sun Jul 20 12:19:53 EDT 2014
Begin analyzing:  aaabf162-f807-4548-a679-6d1437b07060 Sun Jul 20 12:20:11 EDT 2014
Begin analyzing:  2656f757-babd-497f-9890-61c633b309f6 Sun Jul 20 12:20:24 EDT 2014
Begin analyzing:  1b2ce2f3-009f-449c-a721-6a9912ad8480 Sun Jul 20 12:20:27 EDT 2014
Begin analyzing:  438c6453-7e87-47a8-9e36-b6dabf94c1ba Sun Jul 20 12:20:36 EDT 2014
Begin analyzing:  6eeb4f61-8a78-441d-9f95-1b7906870a6a Sun Jul 20 12:20:50 EDT 2014
Begin analyzing:  4606c137-dd66-4136-b032-cbee1b8041d1 Sun Jul 20 12:20:53 EDT 2014
Begin analyzing:  e0d8aa2e-eb1f-41ff-9b5c-362d9b19fd03 Sun Jul 20 12:20:57 EDT 2014
Begin analyzing:  1d961dd5-bc35-4c5e-b420-c64507708ce9 Sun Jul 20 12:21:01 EDT 2014
Begin analyzing:  447a7fa3-1113-4903-96bd-6a2e61e4da65 Sun Jul 20 12:24:29 EDT 2014
Begin analyzing:  82ae9a5f-a331-4cb6-8f0e-cb8aa14d7c22 Sun Jul 20 12:24:46 EDT 2014
Begin analyzing:  230f00f7-90e9-4894-9673-008305985c43 Sun Jul 20 12:25:13 EDT 2014
Begin analyzing:  cc2234f2-6399-46ea-816e-f2938e2927d8 Sun Jul 20 12:26:03 EDT 2014
Begin analyzing:  b16d098b-af6b-4d09-9b96-1e049fbdb1c7 Sun Jul 20 12:26:22 EDT 2014
Begin analyzing:  dd7d7d34-285c-4b53-b564-ffebf9764ae2 Sun Jul 20 12:26:27 EDT 2014
Begin analyzing:  f1cfb620-750a-407a-a9a5-a86572feebd7 Sun Jul 20 12:27:50 EDT 2014
Begin analyzing:  4aa9a298-751d-4c07-b143-3cc8dbb23bcd Sun Jul 20 12:28:13 EDT 2014
Begin analyzing:  328fdf7d-7064-4af5-9869-9668782bc009 Sun Jul 20 12:28:45 EDT 2014
Begin analyzing:  18b2def6-4076-449b-ac01-5af9c17b3a6f Sun Jul 20 12:28:51 EDT 2014
Begin analyzing:  f6020390-c738-4582-9ee4-a25983e7b71e Sun Jul 20 12:31:29 EDT 2014
Begin analyzing:  2eada204-9629-42f3-96fc-b2e3bfb08bd6 Sun Jul 20 12:32:20 EDT 2014
Begin analyzing:  2d837eea-6ba4-4d9d-a90c-81a645eff5cb Sun Jul 20 12:32:31 EDT 2014
Begin analyzing:  2bf58d9c-730c-42cb-8e07-1f6f39df2899 Sun Jul 20 12:32:33 EDT 2014
Begin analyzing:  665134fc-fc6b-49ba-a2dc-e1330966c191 Sun Jul 20 12:32:56 EDT 2014
Begin analyzing:  553a51e6-9a25-44b4-b6a6-0e256a60abbf Sun Jul 20 12:33:00 EDT 2014
Begin analyzing:  29d82318-dc73-4e28-9e78-51f5d7859001 Sun Jul 20 12:36:03 EDT 2014
Begin analyzing:  1d013d38-c819-4a02-94f2-ef5cef42ccdf Sun Jul 20 12:37:37 EDT 2014
Begin analyzing:  59f38908-5722-47df-8058-21a7878c90ef Sun Jul 20 12:38:09 EDT 2014
Begin analyzing:  68620caa-9f4a-4dd3-a186-a6d56ed15320 Sun Jul 20 12:39:07 EDT 2014
Begin analyzing:  30dd5cef-fd19-4225-91be-e2d9bd651809 Sun Jul 20 12:40:02 EDT 2014
Begin analyzing:  12f2079c-3c36-4ffb-950b-1dd2ac7ce0b9 Sun Jul 20 12:40:05 EDT 2014
Begin analyzing:  04ab4f74-49a6-492b-871c-b176bce8ec81 Sun Jul 20 12:40:40 EDT 2014
Begin analyzing:  00f8b4c1-7f83-44a0-90a4-b2028ad3a9b4 Sun Jul 20 12:40:52 EDT 2014
Begin analyzing:  764b9dbb-a0a5-4308-af87-24c4c7d09aad Sun Jul 20 12:41:01 EDT 2014
Begin analyzing:  a023572f-e628-476e-a464-94b7c164d8a1 Sun Jul 20 12:41:28 EDT 2014
Begin analyzing:  77bcab94-f031-4244-9767-1b16848ab093 Sun Jul 20 12:42:04 EDT 2014
Begin analyzing:  e31d43fc-5c81-4b7e-a73a-fa72360f3d6d Sun Jul 20 12:43:33 EDT 2014
Begin analyzing:  7ff907f6-2bbd-4bd0-94f0-a25a1cf18033 Sun Jul 20 12:45:00 EDT 2014
Begin analyzing:  3c16d495-b101-4f9d-9367-8fd9f3cc649b Sun Jul 20 12:45:10 EDT 2014
Begin analyzing:  75bdb0ca-183e-4a8d-ad63-de8275956bee Sun Jul 20 12:45:38 EDT 2014
Begin analyzing:  2e565a6d-2dd8-4c8b-a96f-257717aefd24 Sun Jul 20 12:45:43 EDT 2014
Begin analyzing:  8a572b5f-3479-4d70-bc18-c146afcb99a6 Sun Jul 20 12:45:51 EDT 2014
Begin analyzing:  d571903b-40ca-4f8b-915c-d2a9e304be58 Sun Jul 20 12:46:14 EDT 2014
Begin analyzing:  14d00aae-d08d-450a-a679-7aa39f28233b Sun Jul 20 12:46:49 EDT 2014
Begin analyzing:  e0a1a2b6-9737-4bf7-8215-38b34c3a7222 Sun Jul 20 12:50:29 EDT 2014
Begin analyzing:  4baba85b-4f05-4d95-97c7-ba97ce4bd629 Sun Jul 20 12:50:39 EDT 2014
Begin analyzing:  59aafcec-ae9c-4963-b7c4-81c48b08fb77 Sun Jul 20 12:51:25 EDT 2014
Begin analyzing:  233691c6-c31b-4763-8303-71fd70ddeb10 Sun Jul 20 12:51:34 EDT 2014
Begin analyzing:  4ae31e4d-3e8c-4a40-947b-5a4908e4ecba Sun Jul 20 12:52:11 EDT 2014
Begin analyzing:  f37b1464-cc74-4eb1-9c82-352f37d8c5cb Sun Jul 20 12:52:13 EDT 2014
Begin analyzing:  ccf779a8-0bbf-4c93-8504-9c41deb69f66 Sun Jul 20 12:52:29 EDT 2014
Begin analyzing:  6a7f7a47-b0e0-44c9-9100-9a2f72d4c1e7 Sun Jul 20 12:53:13 EDT 2014
Begin analyzing:  f3d6b61e-fe71-482c-b365-c7c970111a7d Sun Jul 20 12:53:17 EDT 2014
Begin analyzing:  823fedc1-05db-4466-8ef8-e1f23300865a Sun Jul 20 12:55:42 EDT 2014
Begin analyzing:  95322ddf-42c3-43f8-a531-f0a1db4264b0 Sun Jul 20 12:55:59 EDT 2014
Begin analyzing:  6776f90e-5b17-4643-aef8-2c6384a27b7a Sun Jul 20 12:56:35 EDT 2014
Begin analyzing:  129f295a-1e86-4719-b0bb-250946b7e55c Sun Jul 20 12:56:39 EDT 2014
Begin analyzing:  f522fcee-2239-46b7-8122-6ca2c194a8ad Sun Jul 20 12:57:55 EDT 2014
Begin analyzing:  33055df4-bcb0-4035-856d-19d246e5abf6 Sun Jul 20 13:00:08 EDT 2014
Begin analyzing:  f4565e60-d389-4de9-893f-ab9fa2c13554 Sun Jul 20 13:01:43 EDT 2014
Begin analyzing:  1e1cccdd-7cb7-4e98-84ee-5e0ecf1bd181 Sun Jul 20 13:01:47 EDT 2014
Begin analyzing:  30fefc20-4d06-47d7-9818-79857f648670 Sun Jul 20 13:02:00 EDT 2014
Begin analyzing:  ffed2281-0472-4cb7-8886-f296a002441f Sun Jul 20 13:02:20 EDT 2014
Begin analyzing:  321f7680-fb67-44d1-8c6e-a4bcaff577d5 Sun Jul 20 13:05:49 EDT 2014
Begin analyzing:  359bd4ae-df17-42a4-b385-56fa796ce3d1 Sun Jul 20 13:05:53 EDT 2014
Begin analyzing:  1a8e3a45-1a38-4cc6-b27e-44037cf5459b Sun Jul 20 13:07:27 EDT 2014
Begin analyzing:  e2efefb6-c92e-4ca1-b9fa-9accffbeb8da Sun Jul 20 13:08:04 EDT 2014
Begin analyzing:  cda60b6c-1c77-47e6-9a3e-336740a1f42e Sun Jul 20 13:08:17 EDT 2014
Begin analyzing:  a0cb60fd-c57c-4d1d-a5f8-403a85ef6ef0 Sun Jul 20 13:08:22 EDT 2014
Begin analyzing:  90bcb5b2-aefb-40db-8287-be74f7d6fe70 Sun Jul 20 13:08:30 EDT 2014
Begin analyzing:  846d9400-7aff-4049-892d-7f96f01e53ef Sun Jul 20 13:10:00 EDT 2014
Begin analyzing:  2aeaae92-1b7c-451a-b897-648764c41649 Sun Jul 20 13:10:42 EDT 2014
Begin analyzing:  b6b17918-d81e-41cd-affa-cfc736bca4ea Sun Jul 20 13:10:48 EDT 2014
Begin analyzing:  b9d76627-9357-414c-90a9-88e4a8642a8b Sun Jul 20 13:11:05 EDT 2014
Begin analyzing:  99df0dfa-7542-442f-9d3d-47d966969fdd Sun Jul 20 13:11:07 EDT 2014
Begin analyzing:  21baae33-61a4-45a3-adcc-48274a42cdd9 Sun Jul 20 13:11:31 EDT 2014
Begin analyzing:  1acd8343-a716-44fc-831a-ae14e3f323ff Sun Jul 20 13:12:06 EDT 2014
Begin analyzing:  77c43bdf-50c8-41e4-8e81-bf8b38c50c84 Sun Jul 20 13:13:46 EDT 2014
Begin analyzing:  6862e899-949e-46cc-86a9-786f7e36ee75 Sun Jul 20 13:15:09 EDT 2014
Begin analyzing:  75424847-20f6-4457-913c-32fe3a14fe7e Sun Jul 20 13:15:51 EDT 2014
Begin analyzing:  7036fd0f-6ca6-4286-9e0f-bf41e357cd98 Sun Jul 20 13:15:58 EDT 2014
Begin analyzing:  7753d56e-ba89-4550-8f5e-53448da1b9cf Sun Jul 20 13:16:28 EDT 2014
Begin analyzing:  ab32d732-2e84-4bda-b46d-707ba8c4b933 Sun Jul 20 13:18:45 EDT 2014
Begin analyzing:  834dfeef-cc85-46ba-9308-4b7a907ab8f3 Sun Jul 20 13:18:52 EDT 2014
Begin analyzing:  c3865c1f-19f8-4e0f-aefe-c174159a3334 Sun Jul 20 13:19:01 EDT 2014
Begin analyzing:  bf294105-83e0-44fc-a095-f636ff410f29 Sun Jul 20 13:19:16 EDT 2014
Begin analyzing:  61340f07-1d92-4d8e-96a3-24777f206e69 Sun Jul 20 13:20:49 EDT 2014
Begin analyzing:  5f6737f4-af9a-406b-b20c-67b0bd82db9a Sun Jul 20 13:21:15 EDT 2014
Begin analyzing:  001a06f5-43dd-43d9-b5ff-09d1d9714c5c Sun Jul 20 13:21:32 EDT 2014
Begin analyzing:  760a6d30-0448-4c81-a899-7f134e52ca44 Sun Jul 20 13:21:52 EDT 2014
Begin analyzing:  5d7eaf9a-dbc5-47db-8be9-daf3b733b445 Sun Jul 20 13:22:22 EDT 2014
Begin analyzing:  3e182c65-7b42-4044-9125-94a2a36fc780 Sun Jul 20 13:22:44 EDT 2014
Begin analyzing:  d0109c91-3496-4f1d-a49a-ff7fcbb6bef8 Sun Jul 20 13:22:52 EDT 2014
Begin analyzing:  a8fefb52-056d-4f1a-96f1-094152eeb671 Sun Jul 20 13:24:47 EDT 2014
Begin analyzing:  ac15ce77-896f-499d-8bed-ab70ed3420d3 Sun Jul 20 13:25:00 EDT 2014
Begin analyzing:  3653d638-e404-4cdc-8561-cff17e671023 Sun Jul 20 13:25:09 EDT 2014
Begin analyzing:  99f74fe0-4b93-47fb-b464-15ad81e71ce6 Sun Jul 20 13:25:12 EDT 2014
Begin analyzing:  e0fcdca2-b3d3-4881-bf41-71a39ec47647 Sun Jul 20 13:25:19 EDT 2014
Begin analyzing:  fa5fbf06-a1ff-4c04-9d5a-e339225064a4 Sun Jul 20 13:26:00 EDT 2014
Begin analyzing:  1b258ca6-76d5-4f44-bf73-e3ad43de0cdd Sun Jul 20 13:26:29 EDT 2014
Begin analyzing:  8a990650-a311-47ba-a754-2147499674e4 Sun Jul 20 13:26:46 EDT 2014
Begin analyzing:  2351fb15-0a4d-4f28-a951-1cb84c08dab2 Sun Jul 20 13:30:00 EDT 2014
Begin analyzing:  7a4e4470-1ca3-4b27-b2ab-e8a60448d253 Sun Jul 20 13:30:06 EDT 2014
Begin analyzing:  bda2eebd-dce4-4a94-9a6f-a996f70ab0d6 Sun Jul 20 13:30:08 EDT 2014
Begin analyzing:  50c63828-a9eb-49cb-9a73-84ea56e8ba1f Sun Jul 20 13:30:33 EDT 2014
Begin analyzing:  3f694c17-54ca-4744-a956-8239434a6ee2 Sun Jul 20 13:30:42 EDT 2014
Begin analyzing:  bd57e5fd-71a5-4d9d-b756-b9624294623e Sun Jul 20 13:31:42 EDT 2014
Begin analyzing:  44be24f3-78b9-45f1-985d-e895063bce0b Sun Jul 20 13:31:46 EDT 2014
Begin analyzing:  f8b0453b-13b8-4634-a865-c42a955eaf10 Sun Jul 20 13:32:33 EDT 2014
Begin analyzing:  8c42632c-f891-428a-af56-13bc74245077 Sun Jul 20 13:32:38 EDT 2014
Begin analyzing:  c1586b97-71f8-4032-a042-37d3f2cbe8e6 Sun Jul 20 13:34:15 EDT 2014
Begin analyzing:  f5e7a59c-8801-4b0a-8cc5-e38525cbbdb4 Sun Jul 20 13:34:37 EDT 2014
Begin analyzing:  e518a927-ba0e-4c44-a822-2f286e00241b Sun Jul 20 13:34:54 EDT 2014
Begin analyzing:  bc5dac80-e7d6-46f5-848e-9f3bf0669f72 Sun Jul 20 13:35:32 EDT 2014
Begin analyzing:  dd499f2f-0d75-4bb9-bcf5-dae596ffec7f Sun Jul 20 13:35:47 EDT 2014
Begin analyzing:  fe1bf34f-9d17-4633-bb2d-1f99de2ad004 Sun Jul 20 13:35:51 EDT 2014
Begin analyzing:  a47cbce2-cb2e-4c9b-aa93-af6996266623 Sun Jul 20 13:35:54 EDT 2014
Begin analyzing:  3cd5d3c1-7291-4e03-be52-5654a1763c05 Sun Jul 20 13:36:49 EDT 2014
Begin analyzing:  9849513f-44a8-4e6d-913b-f6fa4196715e Sun Jul 20 13:38:02 EDT 2014
Begin analyzing:  5d706ae3-15fb-43fb-8432-2125e5c3d136 Sun Jul 20 13:38:26 EDT 2014
Begin analyzing:  1f0254cd-6404-4922-b825-4d4ebac21e1c Sun Jul 20 13:42:13 EDT 2014
Begin analyzing:  837bc235-2407-421c-8794-60ad1f28f8cd Sun Jul 20 13:42:25 EDT 2014
Begin analyzing:  133911bf-3566-4a01-bcff-b7e8cc240d2f Sun Jul 20 13:43:20 EDT 2014
Begin analyzing:  1ff22385-eead-424b-8353-0d499e17d989 Sun Jul 20 13:43:34 EDT 2014
Begin analyzing:  42a9692b-2b08-4886-90d6-5ee30a92e2be Sun Jul 20 13:43:39 EDT 2014
Begin analyzing:  45a1d0fd-ce23-4a93-b9ce-f1ba21b9f619 Sun Jul 20 13:47:11 EDT 2014
Begin analyzing:  afcab41e-046c-4dc9-b6e1-eb7b194ffeee Sun Jul 20 13:47:27 EDT 2014
Begin analyzing:  73f5db3d-f05b-47cb-9d6d-baaa6aaa9b6a Sun Jul 20 13:47:32 EDT 2014
Begin analyzing:  76896dd4-8469-41b4-b818-7a482a3ef7b7 Sun Jul 20 13:47:35 EDT 2014
Begin analyzing:  c968dc15-5382-4eb5-b29d-e5341c591250 Sun Jul 20 13:47:47 EDT 2014
Begin analyzing:  191b6055-ceb5-4015-92a5-a52a34feb6e3 Sun Jul 20 13:47:59 EDT 2014
Begin analyzing:  394937bd-f2c4-458d-aefe-cfb8390e6fef Sun Jul 20 13:48:24 EDT 2014
Begin analyzing:  f35333f9-2599-49a8-b513-f09e681544cd Sun Jul 20 13:48:28 EDT 2014
Begin analyzing:  cec738ee-f711-475d-a71d-131952b68f56 Sun Jul 20 13:48:34 EDT 2014
Begin analyzing:  e7fe05da-1c29-4571-9384-6c65b700c3eb Sun Jul 20 13:50:59 EDT 2014
Begin analyzing:  84dff3ed-eb10-4458-aab5-957e56d58934 Sun Jul 20 13:51:09 EDT 2014
Begin analyzing:  9d250acf-6cac-4da3-a15b-a670968aafff Sun Jul 20 13:51:13 EDT 2014
Begin analyzing:  bfe42dee-482f-42ca-a6f0-457beaec73a7 Sun Jul 20 13:51:32 EDT 2014
Begin analyzing:  7499d580-6786-4c37-b014-861f04f16657 Sun Jul 20 13:52:14 EDT 2014
Begin analyzing:  4071ffa4-029d-41c7-a718-1dd52872b07c Sun Jul 20 13:52:35 EDT 2014
Begin analyzing:  b9e66e6d-9aef-408b-8876-39d100cf3d36 Sun Jul 20 13:52:56 EDT 2014
Begin analyzing:  be2d3647-17bd-4316-987b-bd264837e763 Sun Jul 20 13:53:14 EDT 2014
Begin analyzing:  ce9b06fa-7fb2-4b13-8964-aa17909c3a21 Sun Jul 20 13:53:56 EDT 2014
Begin analyzing:  a3fb237b-f34f-469e-b41b-629ea5f06dde Sun Jul 20 13:54:46 EDT 2014
Begin analyzing:  bbe278ef-c4d7-4f9e-8ef3-7d914fc60972 Sun Jul 20 13:54:51 EDT 2014
Begin analyzing:  37aa9663-7409-4719-bc69-7534836720e5 Sun Jul 20 13:55:01 EDT 2014
Begin analyzing:  d4df50a3-7a2c-4622-84ea-17dea7247504 Sun Jul 20 13:55:04 EDT 2014
Begin analyzing:  2f3912c3-bf34-4bac-91a5-8c86fc0d2aec Sun Jul 20 13:55:07 EDT 2014
Begin analyzing:  30e4140b-0671-4e07-bc92-b9f65b9b72f4 Sun Jul 20 13:56:12 EDT 2014
Begin analyzing:  8b4fb5a1-7c50-494b-ad9c-50bba6c2176b Sun Jul 20 13:56:14 EDT 2014
Begin analyzing:  a530e019-3ddd-4cfa-b3b3-459488e6cf8d Sun Jul 20 13:56:24 EDT 2014
Begin analyzing:  b4d621fb-d8b7-4bca-bbc0-d07f5c6bd336 Sun Jul 20 13:56:39 EDT 2014
Begin analyzing:  d1dd744f-2ec7-4513-a801-1f59da8343fb Sun Jul 20 13:56:43 EDT 2014
Begin analyzing:  a6768432-cd38-4ad9-87f5-093323ecd4f8 Sun Jul 20 13:57:07 EDT 2014
Begin analyzing:  ae7886d3-7866-4591-b0df-09c02b11f790 Sun Jul 20 14:00:42 EDT 2014
Begin analyzing:  2ff757c1-4e0b-4618-852d-ea8aa3c96f5c Sun Jul 20 14:00:47 EDT 2014
Begin analyzing:  288d92e8-3b0d-4776-a0b4-8cd78ced0da7 Sun Jul 20 14:00:50 EDT 2014
Begin analyzing:  09344fc4-586b-47c2-842e-48029eab7357 Sun Jul 20 14:00:58 EDT 2014
Begin analyzing:  b0fa5699-64e7-4fd2-86d3-6ca985fc0540 Sun Jul 20 14:01:01 EDT 2014
Begin analyzing:  6f4ab09d-4831-4686-ba7f-0569bfebd4b3 Sun Jul 20 14:03:26 EDT 2014
Begin analyzing:  f50eab7c-c4a3-4892-be53-b6170e5643ec Sun Jul 20 14:04:28 EDT 2014
Begin analyzing:  7075521a-ad37-4f1c-a6a9-d19edf0d577e Sun Jul 20 14:04:49 EDT 2014
Begin analyzing:  9e24c089-d79d-4b6b-9ab2-ac435ccdc1ba Sun Jul 20 14:04:54 EDT 2014
Begin analyzing:  fbf47ce6-28b8-4d36-8cb2-b2d7a9663359 Sun Jul 20 14:05:07 EDT 2014
Begin analyzing:  eace7f3f-e2e2-4b84-b330-c8a2400b53e8 Sun Jul 20 14:05:27 EDT 2014
Begin analyzing:  526c059e-b882-4af2-bc93-391d6a585223 Sun Jul 20 14:06:48 EDT 2014
Begin analyzing:  f2f155d3-fbdf-458e-b018-f0b2fa64b947 Sun Jul 20 14:07:08 EDT 2014
Begin analyzing:  56b28df0-41a8-4c0a-a3a6-6a8dfc3560b2 Sun Jul 20 14:09:23 EDT 2014
Begin analyzing:  d9573fa0-68ee-445e-9929-b02a0012af2b Sun Jul 20 14:09:26 EDT 2014
Begin analyzing:  73f34db3-3b2c-47c5-b165-7dd9c9bd9b50 Sun Jul 20 14:09:35 EDT 2014
Begin analyzing:  49caf8bd-2604-4b04-b9f7-e896d51f36ba Sun Jul 20 14:10:46 EDT 2014
Begin analyzing:  6891d9b8-2606-45a4-a2ff-ccb72599d9bf Sun Jul 20 14:14:41 EDT 2014
Begin analyzing:  ce44d75c-672d-4a04-9d7f-e468741ef936 Sun Jul 20 14:14:58 EDT 2014
Begin analyzing:  0cac4f5a-9e59-4a24-9780-83e3c85e7d8a Sun Jul 20 14:15:03 EDT 2014
Begin analyzing:  8094819a-729a-4cd3-9815-7fc55e53fe33 Sun Jul 20 14:15:29 EDT 2014
Begin analyzing:  29f94526-21c1-4a0b-986b-3929c2f6e73d Sun Jul 20 14:16:26 EDT 2014
Begin analyzing:  faf83ca1-d5f5-4ceb-a3c6-f681afc4e52a Sun Jul 20 14:17:33 EDT 2014
Begin analyzing:  4d214942-b241-44d1-99c1-7bd1738feb13 Sun Jul 20 14:17:55 EDT 2014
Begin analyzing:  4dc7f2f6-053d-49cc-a2ca-87540e9d17df Sun Jul 20 14:18:40 EDT 2014
Begin analyzing:  7c768723-e2b6-42df-82d3-ed61c68be7ba Sun Jul 20 14:19:15 EDT 2014
Begin analyzing:  664840e6-eb6a-4ca9-9ff8-8c9e092c42fd Sun Jul 20 14:19:25 EDT 2014
Begin analyzing:  651dc2fd-5bb4-4797-8cfc-2c61d8cef130 Sun Jul 20 14:19:28 EDT 2014
Begin analyzing:  3a54ed45-1158-4d3b-abd4-2d8285413cf0 Sun Jul 20 14:19:52 EDT 2014
Begin analyzing:  1b1f277b-8ec9-412f-9e34-c64ab4bc6ce2 Sun Jul 20 14:19:59 EDT 2014
Begin analyzing:  c87282d9-14b4-4c87-bdbb-8e0244ee0aac Sun Jul 20 14:22:52 EDT 2014
Begin analyzing:  38412afb-0c5b-4ac2-8f48-5b3d7015cfb3 Sun Jul 20 14:23:42 EDT 2014
Begin analyzing:  7c727e4f-389f-47b3-ae91-34044f37103c Sun Jul 20 14:23:48 EDT 2014
Begin analyzing:  8c2d6c42-5135-42bb-b2e0-892d27af7b8e Sun Jul 20 14:25:41 EDT 2014
Begin analyzing:  15eb27a3-d161-4d29-b37f-e2ad52e6adf9 Sun Jul 20 14:25:44 EDT 2014
Begin analyzing:  9d1c3849-c2a7-482c-a12a-cb374981ee0e Sun Jul 20 14:29:29 EDT 2014
Begin analyzing:  4a045ed0-b025-4702-b599-4e570b2f6acb Sun Jul 20 14:29:34 EDT 2014
Begin analyzing:  f69dc6e0-c72c-4997-9ed6-b553790e0598 Sun Jul 20 14:29:38 EDT 2014
Begin analyzing:  58edc869-ba5c-480d-9dee-9dd4481d58a0 Sun Jul 20 14:29:44 EDT 2014
Begin analyzing:  2237c323-e1f8-4a63-8c10-19a04b7c704e Sun Jul 20 14:30:11 EDT 2014
Begin analyzing:  c2e3b4fd-66f1-4c52-830a-63f0960aeec2 Sun Jul 20 14:32:27 EDT 2014
Begin analyzing:  cc77e7d8-52a3-499a-8341-824753cb4343 Sun Jul 20 14:32:35 EDT 2014
Begin analyzing:  31e0823d-a4dc-4210-8083-6251c781654f Sun Jul 20 14:32:53 EDT 2014
Begin analyzing:  0b25849e-4ceb-4224-a7c8-569a4d982116 Sun Jul 20 14:32:58 EDT 2014
Begin analyzing:  4988fef3-cb60-4de2-822a-a03fc732b036 Sun Jul 20 14:33:02 EDT 2014
Begin analyzing:  c3b09545-5abb-4458-b86e-a4ff4634bffe Sun Jul 20 14:33:09 EDT 2014
Begin analyzing:  da7bb6f6-3b0a-4461-a995-2899b0b9c51d Sun Jul 20 14:33:22 EDT 2014
Begin analyzing:  cbbcfbdf-9702-49f1-b379-a787ce1c69bc Sun Jul 20 14:33:50 EDT 2014
Begin analyzing:  55c0d66e-8502-4485-a6fe-3f42eac873d9 Sun Jul 20 14:34:26 EDT 2014
Begin analyzing:  bd6fabed-7512-48b6-a100-c8f58e962038 Sun Jul 20 14:34:34 EDT 2014
Begin analyzing:  6ba2476f-d7ea-4c94-a847-cb45eba73f5f Sun Jul 20 14:36:43 EDT 2014
Begin analyzing:  c4bc054f-f0bb-4f2a-b536-03171cca08dc Sun Jul 20 14:36:57 EDT 2014
Begin analyzing:  63176061-88f0-4b6d-9210-92ace8c92434 Sun Jul 20 14:37:21 EDT 2014
Begin analyzing:  29eb3a24-9db7-43bb-88ae-486f7a7b6163 Sun Jul 20 14:38:27 EDT 2014
Begin analyzing:  9c8d78f9-98cc-4ae7-a215-0ed5e8f36023 Sun Jul 20 14:41:56 EDT 2014
Begin analyzing:  2a78a588-20f2-44df-bcde-ebe56f17b828 Sun Jul 20 14:43:29 EDT 2014
Begin analyzing:  c680d3c2-ec7b-4507-b78d-5e464331acca Sun Jul 20 14:43:37 EDT 2014
Begin analyzing:  aec6464c-5fe4-4941-b4d8-f9b0848ea64c Sun Jul 20 14:43:45 EDT 2014
Begin analyzing:  7e946dc8-7a9f-4a6b-b032-623027281178 Sun Jul 20 14:44:06 EDT 2014
Begin analyzing:  840f0682-29af-46e0-860e-7c7f8fc09cab Sun Jul 20 14:44:45 EDT 2014
Begin analyzing:  caa8b041-0097-4d01-bf06-e00da881e9b3 Sun Jul 20 14:46:21 EDT 2014
Begin analyzing:  125c60eb-523d-46fd-9360-6f33831c501b Sun Jul 20 14:46:40 EDT 2014
Begin analyzing:  d87092aa-7e9d-42ef-b242-31f2332ea240 Sun Jul 20 14:46:55 EDT 2014
Begin analyzing:  dbe09e73-375f-4c54-ba01-d3f9d35033ca Sun Jul 20 14:47:00 EDT 2014
Begin analyzing:  f7a75752-0355-4868-ae21-1e2cebbe07bc Sun Jul 20 14:47:09 EDT 2014
Begin analyzing:  9dbf47f6-f428-43bf-ac2f-67cca53ad1e0 Sun Jul 20 14:47:17 EDT 2014
Begin analyzing:  b745c80a-0a19-4547-881a-ced2fddceb2e Sun Jul 20 14:47:54 EDT 2014
Begin analyzing:  08072884-4d53-476c-a49b-5ccbcd7347e0 Sun Jul 20 14:48:42 EDT 2014
Begin analyzing:  0f9cd32e-eed1-456a-b398-e28f70e1c1db Sun Jul 20 14:48:48 EDT 2014
Begin analyzing:  e2c51790-e2fd-4e2d-a09f-0f3c199d7776 Sun Jul 20 14:53:06 EDT 2014
Begin analyzing:  f1eb753c-b9bc-4951-81a5-7a4b577ea116 Sun Jul 20 14:53:45 EDT 2014
Begin analyzing:  cbc74b45-351f-44b7-8aed-f61ec13dadf6 Sun Jul 20 14:53:51 EDT 2014
Begin analyzing:  c287bee9-8636-47b2-9829-033a6ae42699 Sun Jul 20 14:58:50 EDT 2014
Begin analyzing:  a99590e0-68c0-4839-b6ae-439dc27f7dfc Sun Jul 20 14:58:56 EDT 2014
Begin analyzing:  0ada9a3f-9814-402d-b2a4-19048290941e Sun Jul 20 14:59:33 EDT 2014
Begin analyzing:  f1c2fa8e-fc57-46ea-9506-0a703cc0ee21 Sun Jul 20 14:59:50 EDT 2014
Begin analyzing:  51545f60-95e4-472e-a478-40178fbec1e4 Sun Jul 20 15:00:05 EDT 2014
Begin analyzing:  4859de05-2bed-452a-8e5c-f8a3f7067fad Sun Jul 20 15:02:40 EDT 2014
Begin analyzing:  a8064638-f394-4425-81af-2964a0cf4dd9 Sun Jul 20 15:03:42 EDT 2014
Begin analyzing:  4fb11502-2474-4b4f-8f7d-7ebf26ef63e6 Sun Jul 20 15:03:45 EDT 2014
Begin analyzing:  6c308481-536c-485b-a601-b65ffb7fbb70 Sun Jul 20 15:04:04 EDT 2014
Begin analyzing:  dfcaf809-dcbe-40f7-a672-82c5c9dad483 Sun Jul 20 15:04:10 EDT 2014
Begin analyzing:  160a1664-cabf-4694-8c54-2d25291e6f19 Sun Jul 20 15:04:15 EDT 2014
Begin analyzing:  716559f9-f59f-48ef-8ea1-22bb6d8204cf Sun Jul 20 15:04:39 EDT 2014
Begin analyzing:  4b1f99a8-f644-4661-9c22-4e653e371f9e Sun Jul 20 15:04:51 EDT 2014
Begin analyzing:  ccc3a6c6-9126-4a96-861d-ddb58fba8037 Sun Jul 20 15:06:03 EDT 2014
Begin analyzing:  dc5ffe7a-78d9-4f0b-a428-3393dac1e4ba Sun Jul 20 15:06:11 EDT 2014
Begin analyzing:  b24ac786-b010-4f32-9f8e-28cc3141cac2 Sun Jul 20 15:06:17 EDT 2014
Begin analyzing:  0dbca203-9e4f-4751-8c63-9a2913407e44 Sun Jul 20 15:08:08 EDT 2014
Begin analyzing:  d45fa265-e8fd-45ae-b613-78fe516eb73b Sun Jul 20 15:08:36 EDT 2014
Begin analyzing:  2cbe3f44-d80a-4975-921f-a4fb5d3cbca3 Sun Jul 20 15:09:46 EDT 2014
Begin analyzing:  0a2c06c2-e13b-4123-a8b6-48c08594f5e7 Sun Jul 20 15:10:02 EDT 2014
Begin analyzing:  d221f7ed-0c3c-4533-822f-f45d00155b96 Sun Jul 20 15:13:52 EDT 2014
Begin analyzing:  9a28a90a-61d2-4c81-8ad1-59ec9e03a7c2 Sun Jul 20 15:14:01 EDT 2014
Begin analyzing:  926791f0-4910-4fe9-8c9c-2955aacb0428 Sun Jul 20 15:14:06 EDT 2014
Begin analyzing:  52e4e501-ce7a-43e6-b154-c9e09ace846a Sun Jul 20 15:15:08 EDT 2014
Begin analyzing:  a13017b1-eb61-433f-8da1-8de9fb8705cd Sun Jul 20 15:15:10 EDT 2014
Begin analyzing:  6e57955f-2e13-4006-ac49-2c8a1d5a88ec Sun Jul 20 15:16:01 EDT 2014
Begin analyzing:  2aee46fc-5a12-459f-9d52-4affde485c92 Sun Jul 20 15:17:39 EDT 2014
Begin analyzing:  847e557f-a633-4a8a-b905-1b1a4b6ba30f Sun Jul 20 15:17:47 EDT 2014
Begin analyzing:  e0a38f80-2e93-4271-b0c1-cf4ade1a877c Sun Jul 20 15:18:37 EDT 2014
Begin analyzing:  29d3996d-37bc-494c-a8c9-bf6890cc92c2 Sun Jul 20 15:18:42 EDT 2014
Begin analyzing:  768cec0e-ed8a-400d-8e8c-368b6babf713 Sun Jul 20 15:18:45 EDT 2014
Begin analyzing:  3dbc9342-14e3-4aef-b730-a3ad58a044a4 Sun Jul 20 15:19:51 EDT 2014
Begin analyzing:  69ce07b4-1332-4cc4-a6ed-8b304d097cec Sun Jul 20 15:20:07 EDT 2014
Begin analyzing:  0146869a-6993-4bf9-9434-5c59627b00ba Sun Jul 20 15:20:13 EDT 2014
Begin analyzing:  71e6e347-6010-4f1d-be80-767651033b9c Sun Jul 20 15:21:24 EDT 2014
Begin analyzing:  07211728-5f30-491b-a565-1dbfc782651f Sun Jul 20 15:22:53 EDT 2014
Begin analyzing:  56847108-b54e-4bc1-9c70-c06d0a05629f Sun Jul 20 15:23:09 EDT 2014
Begin analyzing:  63a49c5f-ccee-4ea2-8fa2-b0984e76ed68 Sun Jul 20 15:23:14 EDT 2014
Begin analyzing:  64be8562-bd2d-4540-a51e-e594f84a0b2c Sun Jul 20 15:23:21 EDT 2014
Begin analyzing:  e2e94b6d-7c12-4c30-8411-169ec0da1d6b Sun Jul 20 15:23:24 EDT 2014
Begin analyzing:  f9b009bb-ea42-41e6-82cc-09ac585e69e2 Sun Jul 20 15:23:27 EDT 2014
Begin analyzing:  6f212d58-9da2-4b9d-a995-f9c64eadcadc Sun Jul 20 15:23:51 EDT 2014
Begin analyzing:  76d15bec-ed0e-42c8-a909-40130ee62da5 Sun Jul 20 15:24:19 EDT 2014
Begin analyzing:  71464b4c-b45d-4533-a04a-0c1fe5ae1f43 Sun Jul 20 15:24:41 EDT 2014
Begin analyzing:  007fcd75-e5bd-48e7-be01-21b5a9aa580d Sun Jul 20 15:25:10 EDT 2014
Begin analyzing:  94deac37-410e-4b1d-896b-ee8e3e8d0fc8 Sun Jul 20 15:25:13 EDT 2014
Begin analyzing:  4114dd39-e70b-4dd7-b195-6b9d8b544c12 Sun Jul 20 15:25:41 EDT 2014
Begin analyzing:  e614a40c-c3e9-41e5-87ee-f332c9df9e2a Sun Jul 20 15:27:07 EDT 2014
Begin analyzing:  8437ff5b-cb58-47a4-b967-672db803943b Sun Jul 20 15:27:19 EDT 2014
Begin analyzing:  415069cc-6933-4c05-af8a-d05086d5af4f Sun Jul 20 15:27:37 EDT 2014
Begin analyzing:  e3937bcb-324c-4845-82ce-05fa9350f826 Sun Jul 20 15:27:44 EDT 2014
Begin analyzing:  d6d69962-cb4b-438d-9325-f7ff14dacab4 Sun Jul 20 15:28:06 EDT 2014
Begin analyzing:  9e7f9b65-44c1-44ce-b924-13154ea21f26 Sun Jul 20 15:28:18 EDT 2014
Begin analyzing:  6cf29b75-3c64-4717-85bf-ef203d5003be Sun Jul 20 15:29:25 EDT 2014
Begin analyzing:  c1c76582-b682-47c3-b0b0-e7d62ab63f25 Sun Jul 20 15:29:35 EDT 2014
Begin analyzing:  c15fe599-cba3-4de8-9a10-6441a7379223 Sun Jul 20 15:30:26 EDT 2014
Begin analyzing:  42203766-3705-4ba5-981b-bb14bb14a854 Sun Jul 20 15:30:29 EDT 2014
Begin analyzing:  11148092-b52b-4fe8-a238-771993cf0000 Sun Jul 20 15:30:53 EDT 2014
Begin analyzing:  5ec21ae0-f39c-4dde-bfa5-af91212b60f0 Sun Jul 20 15:31:08 EDT 2014
Begin analyzing:  7fa22696-4cee-495a-9b7e-09e583c18803 Sun Jul 20 15:32:45 EDT 2014
Begin analyzing:  ae67c35a-fd0c-46fc-a199-e18a6e3dbd9f Sun Jul 20 15:33:12 EDT 2014
Begin analyzing:  a71f8cd5-2045-4a82-908e-3ed0eb3cdd52 Sun Jul 20 15:35:20 EDT 2014
Begin analyzing:  0a9de534-749a-48a8-9128-3acfcdde142c Sun Jul 20 15:35:34 EDT 2014
Begin analyzing:  ab6d13e6-9238-41b3-9479-8a4559b83df0 Sun Jul 20 15:35:43 EDT 2014
Begin analyzing:  ab73a224-b80f-4f60-9c1c-c2e6686d7b3b Sun Jul 20 15:35:59 EDT 2014
Begin analyzing:  6a33b6c6-bbd2-4821-8a43-d6be0839cf99 Sun Jul 20 15:36:23 EDT 2014
Begin analyzing:  664454bb-4d51-47d2-9380-f33ec2086781 Sun Jul 20 15:36:30 EDT 2014
Begin analyzing:  5067a256-2015-458d-9d15-e09fb0ae1a66 Sun Jul 20 15:37:31 EDT 2014
Begin analyzing:  0f432a1a-d535-444c-b35a-66fa2e1ce494 Sun Jul 20 15:37:34 EDT 2014
Begin analyzing:  bfa5dced-b7f6-4a18-8577-396bc8bf719d Sun Jul 20 15:37:44 EDT 2014
Begin analyzing:  b67b082f-98cb-4ceb-9a7d-8676f906c0de Sun Jul 20 15:39:31 EDT 2014
Begin analyzing:  93ca6998-75d4-470d-a7d4-e9b6c329e05d Sun Jul 20 15:39:44 EDT 2014
Begin analyzing:  7c3ab786-54ae-42a4-87fb-de6628c0db06 Sun Jul 20 15:39:47 EDT 2014
Begin analyzing:  f0b05cd9-8b75-416f-bce2-632ce5cf7db2 Sun Jul 20 15:40:02 EDT 2014
Begin analyzing:  83e4179f-5cec-413a-b8c1-96e26728f610 Sun Jul 20 15:41:41 EDT 2014
Begin analyzing:  a9cbc8f6-84de-412b-9e86-2c00a5d1666f Sun Jul 20 15:41:51 EDT 2014
Begin analyzing:  26ee2817-5f9d-4d06-b743-b851973f8358 Sun Jul 20 15:42:31 EDT 2014
Begin analyzing:  0930802b-485c-4f49-88da-0d297eb79cea Sun Jul 20 15:44:04 EDT 2014
Begin analyzing:  cd7b82f7-3246-476d-845b-cb5160c68f28 Sun Jul 20 15:45:58 EDT 2014
Begin analyzing:  d5761610-a97e-4c3a-a34f-66c1bb9215be Sun Jul 20 15:46:48 EDT 2014
Begin analyzing:  5a20b828-5b8e-4082-b1ce-0f1fb3003d5f Sun Jul 20 15:46:58 EDT 2014
Begin analyzing:  43928036-33d2-414f-92b8-abf32fd226e0 Sun Jul 20 15:47:27 EDT 2014
Begin analyzing:  1773ede2-22f8-4c3c-81b9-881dab1a3141 Sun Jul 20 15:47:30 EDT 2014
Begin analyzing:  d58ebf0e-9d02-4361-bc9f-b8300c762fe8 Sun Jul 20 15:47:40 EDT 2014
Begin analyzing:  0014cdde-7f95-45ec-8323-4a7f454b10e6 Sun Jul 20 15:47:45 EDT 2014
Begin analyzing:  7a0331fe-1b93-4a3d-baa4-c78501a8a5cf Sun Jul 20 15:52:54 EDT 2014
Begin analyzing:  dc775c4c-eaea-4747-87c2-681b68c10c68 Sun Jul 20 15:53:10 EDT 2014
Begin analyzing:  7f17f003-5113-4bab-9de4-84412a1b6b53 Sun Jul 20 15:53:33 EDT 2014
Begin analyzing:  d76b5ecb-c0f5-48d5-b573-ddd3f1c5a96a Sun Jul 20 15:54:00 EDT 2014
Begin analyzing:  013a2235-edb0-4cd4-90e4-72ed8601e0e6 Sun Jul 20 15:54:18 EDT 2014
Begin analyzing:  c623bc57-e10b-4011-998d-c8312f831362 Sun Jul 20 15:58:24 EDT 2014
Begin analyzing:  3528ad59-6113-476c-88a6-526ecd7f5296 Sun Jul 20 15:58:31 EDT 2014
Begin analyzing:  e931d05c-a54c-43c2-9850-bb6fbc4d83cf Sun Jul 20 15:58:46 EDT 2014
Begin analyzing:  5fc1f04e-5294-4a6b-9b80-ab23db17a3bb Sun Jul 20 16:03:47 EDT 2014
Begin analyzing:  1c99789b-bdf9-492b-a234-47880d911792 Sun Jul 20 16:05:09 EDT 2014
Begin analyzing:  5c543691-6347-46fc-a96c-3a78e3c2ab6b Sun Jul 20 16:05:23 EDT 2014
Begin analyzing:  b42aad48-3a44-4f2e-84ae-e9250d3c8bbf Sun Jul 20 16:05:34 EDT 2014
Begin analyzing:  ec90aefb-a5b6-4330-b6fc-13a03d2a400d Sun Jul 20 16:10:07 EDT 2014
Begin analyzing:  e1906cd3-c5fa-45da-af1c-b74712a931c6 Sun Jul 20 16:10:35 EDT 2014
Begin analyzing:  b6e0bb5a-6a19-4c94-8cf4-2c99ee3be62a Sun Jul 20 16:10:45 EDT 2014
Begin analyzing:  0095f415-422b-405f-8d3a-11781f583b56 Sun Jul 20 16:10:53 EDT 2014
Begin analyzing:  05c323be-ca44-464c-abd0-e96d14ecec08 Sun Jul 20 16:10:56 EDT 2014
Begin analyzing:  10e55f1e-3254-4f90-9039-373c07ef370b Sun Jul 20 16:11:18 EDT 2014
Begin analyzing:  ee225a36-6f8b-48e1-861a-69c2989ab848 Sun Jul 20 16:14:35 EDT 2014
Begin analyzing:  2ec6e424-d5b2-4fec-b3c3-0f3506524b4e Sun Jul 20 16:15:44 EDT 2014
Begin analyzing:  572fb322-c200-4b4b-a9e8-eb67761aad87 Sun Jul 20 16:16:07 EDT 2014
Begin analyzing:  164c42e7-9023-4f5b-976c-cde6cfbb5939 Sun Jul 20 16:16:23 EDT 2014
Begin analyzing:  e0739c0f-69a4-4ea1-bde9-584fcd06b439 Sun Jul 20 16:17:02 EDT 2014
Begin analyzing:  d6ec0187-e031-4081-9754-e23593497d10 Sun Jul 20 16:18:01 EDT 2014
Begin analyzing:  a2d2b921-f028-48a4-a4dd-697e7da19d6f Sun Jul 20 16:18:52 EDT 2014
Begin analyzing:  1c819553-c888-4de7-a447-23d0732618b7 Sun Jul 20 16:19:43 EDT 2014
Begin analyzing:  f44ccbe0-ed24-4e8b-80a5-e4be23eb5de3 Sun Jul 20 16:19:52 EDT 2014
Begin analyzing:  e2ca1935-8d74-45c3-a3ed-d7bb81ffc1f7 Sun Jul 20 16:20:00 EDT 2014
Begin analyzing:  8a0caa96-0d3e-4b2e-bced-b710b3ce43ab Sun Jul 20 16:20:04 EDT 2014
Begin analyzing:  2fa3c181-c214-41e0-8827-a7c205b8978e Sun Jul 20 16:23:12 EDT 2014
Begin analyzing:  840b53d6-20da-46c7-845e-a1763487f17e Sun Jul 20 16:23:15 EDT 2014
Begin analyzing:  fb30d507-ca6b-465b-9981-778a1969302d Sun Jul 20 16:23:21 EDT 2014
Begin analyzing:  e15e1122-4195-45af-a30e-e4e45675bbc9 Sun Jul 20 16:23:50 EDT 2014
Begin analyzing:  71a44b25-7936-4306-932d-cc660976c36b Sun Jul 20 16:25:19 EDT 2014
Begin analyzing:  3e016bc4-7b1f-4d25-8028-4cc46a9d6d1c Sun Jul 20 16:25:23 EDT 2014
Begin analyzing:  03316683-489e-488c-8eb7-5829dd7073a2 Sun Jul 20 16:25:39 EDT 2014
Begin analyzing:  824e897a-9c14-41e7-8066-3f8f28f1753d Sun Jul 20 16:26:09 EDT 2014
Begin analyzing:  2b6793b7-7c9e-4c49-b368-24e9ae5c0e60 Sun Jul 20 16:26:25 EDT 2014
Begin analyzing:  e67e9170-7ae1-453f-9413-472f2ffe9abb Sun Jul 20 16:27:49 EDT 2014
Begin analyzing:  c5b16827-5d35-4d60-8209-514648eb3439 Sun Jul 20 16:27:59 EDT 2014
Begin analyzing:  61741d8e-fed0-4bdc-ae19-dbd223f4fe0e Sun Jul 20 16:28:08 EDT 2014
Begin analyzing:  70e562fb-e555-4a05-9ef4-2560d81d5bab Sun Jul 20 16:28:15 EDT 2014
Begin analyzing:  c100c5b2-e5a3-432e-90b4-91378a9f755a Sun Jul 20 16:28:43 EDT 2014
Begin analyzing:  d1ce2ae6-0e30-406d-b939-4e9a2399eb42 Sun Jul 20 16:29:33 EDT 2014
Begin analyzing:  8156637d-2eea-4130-9670-89683b70b52c Sun Jul 20 16:29:37 EDT 2014
Begin analyzing:  37020b46-4ecd-45a2-8952-c7e3798bdc41 Sun Jul 20 16:30:09 EDT 2014
Begin analyzing:  ba3893f7-2198-43bc-8748-086ea95f15b8 Sun Jul 20 16:30:12 EDT 2014
Begin analyzing:  0a88f651-b4b6-4240-9851-f94792395693 Sun Jul 20 16:33:42 EDT 2014
Begin analyzing:  fecbd55b-5bb7-4628-a97c-2f8e06f80f67 Sun Jul 20 16:34:54 EDT 2014
Begin analyzing:  21a89ad2-5f3e-4354-a292-730cd324eec9 Sun Jul 20 16:35:10 EDT 2014
Begin analyzing:  caf5d5ec-a44c-4f36-b1ed-6a724562fb4f Sun Jul 20 16:36:13 EDT 2014
Begin analyzing:  480041ae-839a-4ef1-b309-5d134a531f8a Sun Jul 20 16:37:05 EDT 2014
Begin analyzing:  a45294db-82e8-42d4-9819-99c90d376f08 Sun Jul 20 16:37:34 EDT 2014
Begin analyzing:  bcac60c0-b3ab-4082-b385-5fa5b09ca779 Sun Jul 20 16:37:46 EDT 2014
Begin analyzing:  03658714-c90e-48da-8ec9-bee220ee3ed4 Sun Jul 20 16:37:53 EDT 2014
Begin analyzing:  8a61cf0a-cd4c-4cf2-8764-233c1d30f963 Sun Jul 20 16:38:08 EDT 2014
Begin analyzing:  9f7642ba-513e-4792-a8c0-1b80eaefef0b Sun Jul 20 16:38:12 EDT 2014
Begin analyzing:  2bde90f1-92e4-4bda-8197-779a6881c082 Sun Jul 20 16:38:25 EDT 2014
Begin analyzing:  3bdc3023-94ee-44e8-8aed-65c31c6472ea Sun Jul 20 16:38:33 EDT 2014
Begin analyzing:  f32c8f63-d063-4408-92ba-08c265434152 Sun Jul 20 16:38:48 EDT 2014
Begin analyzing:  a7ed195b-1897-4865-8b00-2ecd45639a80 Sun Jul 20 16:39:15 EDT 2014
Begin analyzing:  23bd3f4f-996b-4322-a551-d7c0fad14b9c Sun Jul 20 16:39:30 EDT 2014
Begin analyzing:  244ef523-2884-40b4-8fe2-3a83dfa7f470 Sun Jul 20 16:39:45 EDT 2014
Begin analyzing:  cb4651b5-df17-45fd-8ba6-c2faa690f90b Sun Jul 20 16:40:23 EDT 2014
Begin analyzing:  7b0c0fe7-efb7-4f2b-8a58-dbfabc17af56 Sun Jul 20 16:41:45 EDT 2014
Begin analyzing:  92354377-8c42-49d1-8864-03f4acd5f0d8 Sun Jul 20 16:41:59 EDT 2014
Begin analyzing:  eb776543-dd23-4e5f-a0a4-7d5917ecd09e Sun Jul 20 16:42:03 EDT 2014
Begin analyzing:  b78d2bf6-b1e5-4e28-9610-83caef7cb8ba Sun Jul 20 16:42:43 EDT 2014
Begin analyzing:  e8d2d075-b147-4025-b766-92b336583f6d Sun Jul 20 16:43:06 EDT 2014
Begin analyzing:  3caf4987-cc2b-4bab-8b38-e13724697bf4 Sun Jul 20 16:43:09 EDT 2014
Begin analyzing:  52adb112-2bf4-4f9a-8545-297d26891d1f Sun Jul 20 16:43:52 EDT 2014
Begin analyzing:  7b4b273f-e8fe-4e31-9ef1-965fa98afe1a Sun Jul 20 16:43:55 EDT 2014
Begin analyzing:  5bf53b28-3c68-49e0-b7a6-1d77e449cb09 Sun Jul 20 16:44:00 EDT 2014
Begin analyzing:  cd975cf2-491a-491c-bab2-0924432d6966 Sun Jul 20 16:44:16 EDT 2014
Begin analyzing:  c2f09f7f-ae2c-4702-aea4-68e1e25be9d4 Sun Jul 20 16:44:19 EDT 2014
Begin analyzing:  3b19dcff-b106-46b5-8177-4fd3fdc6a39c Sun Jul 20 16:44:24 EDT 2014
Begin analyzing:  b2c72c39-b8b3-44f8-ba5f-8f22a37596e5 Sun Jul 20 16:46:04 EDT 2014
Begin analyzing:  f3fbb8c3-8e4f-43f3-a9e0-883a5f405b32 Sun Jul 20 16:46:46 EDT 2014
Begin analyzing:  0c0cbe80-2cbc-4c84-bb0e-658b3294f0a6 Sun Jul 20 16:48:48 EDT 2014
Begin analyzing:  7e84de5a-6f58-41c2-a2fb-2da3073b6cf8 Sun Jul 20 16:52:23 EDT 2014
Begin analyzing:  d48b3a77-4b66-4b17-a5dc-241107d1ca5c Sun Jul 20 16:56:13 EDT 2014
Begin analyzing:  70a1527e-b5dd-4a7e-8151-557464927e30 Sun Jul 20 16:56:21 EDT 2014
Begin analyzing:  d7e81c13-4c0e-4227-8fca-2eec2f22aa8d Sun Jul 20 17:00:25 EDT 2014
Begin analyzing:  75a0cb78-cf03-47db-a86b-c872bf3e2cae Sun Jul 20 17:04:29 EDT 2014
Begin analyzing:  08d150e2-4deb-4553-910e-9bfaf59793ef Sun Jul 20 17:04:44 EDT 2014
Begin analyzing:  d9e4adc1-a5ce-4017-b52d-5b80cc9227c3 Sun Jul 20 17:08:26 EDT 2014
Begin analyzing:  a1c12dec-7f09-4e6a-947b-cc32f8d3e0e2 Sun Jul 20 17:08:49 EDT 2014
Begin analyzing:  7fcb891f-8044-4f18-b833-e8092293c00f Sun Jul 20 17:09:03 EDT 2014
Begin analyzing:  89c711c2-b9ac-4e61-99f7-75c682f8fa3f Sun Jul 20 17:09:32 EDT 2014
Begin analyzing:  785850e8-4acc-4764-8fda-c9a199e3ef4b Sun Jul 20 17:09:49 EDT 2014
Begin analyzing:  57b10b3c-e0cb-48c8-be69-ebdfd30f6fdb Sun Jul 20 17:11:17 EDT 2014
Begin analyzing:  f66c9bdc-303f-4e30-a9be-b373b3489bb7 Sun Jul 20 17:11:22 EDT 2014
Begin analyzing:  a181643f-42aa-4a11-b6f3-6fe6900e7ca3 Sun Jul 20 17:11:50 EDT 2014
Begin analyzing:  9ddc227f-049c-4b25-8666-a930aaaf37f9 Sun Jul 20 17:12:02 EDT 2014
Begin analyzing:  8bc07919-c7df-467f-95fe-4e2c25881093 Sun Jul 20 17:17:48 EDT 2014
Begin analyzing:  fd20a09a-8ae5-4313-9446-dc652a1b29ab Sun Jul 20 17:17:51 EDT 2014
Begin analyzing:  c06f2dbf-0f97-4fd0-b44c-3c1f9d10eb35 Sun Jul 20 17:17:54 EDT 2014
Begin analyzing:  280b3e0c-d3d2-4fc6-b3f8-7b83164f8cf2 Sun Jul 20 17:18:00 EDT 2014
Begin analyzing:  9ccae666-9079-4778-bc9e-7ec8d6cb2143 Sun Jul 20 17:19:08 EDT 2014
Begin analyzing:  ae1df2a2-e2f5-495d-94d5-0fb72e144404 Sun Jul 20 17:20:37 EDT 2014
Begin analyzing:  fc23ae7b-4a8d-4259-a711-b5e98249d44f Sun Jul 20 17:20:41 EDT 2014
Begin analyzing:  18fec85b-4e09-471f-b7fa-cc7413669519 Sun Jul 20 17:21:09 EDT 2014
Begin analyzing:  45fcfd8b-f411-42ea-845a-31e03397d51e Sun Jul 20 17:21:32 EDT 2014
Begin analyzing:  bc598d07-bd24-42b8-9ed9-92bed72a1717 Sun Jul 20 17:23:09 EDT 2014
Begin analyzing:  add22cf3-b2ba-427c-ba78-817d2a295701 Sun Jul 20 17:24:41 EDT 2014
Begin analyzing:  e1f5ed12-9dda-4877-845f-7ae160c1cc02 Sun Jul 20 17:25:07 EDT 2014
Begin analyzing:  a3c2c55c-b2c9-4c59-85a3-5e8904a713ae Sun Jul 20 17:25:14 EDT 2014
Begin analyzing:  df0f5234-4312-458f-90df-ce88f8399ad7 Sun Jul 20 17:26:35 EDT 2014
Begin analyzing:  74d4eab5-8648-4e1d-9c81-793ae4b96af6 Sun Jul 20 17:27:23 EDT 2014
Begin analyzing:  a5c4c760-53ae-4384-907d-d453ca87c7fc Sun Jul 20 17:27:27 EDT 2014
Begin analyzing:  e5add6e3-7bea-479e-9c52-97b614a07b12 Sun Jul 20 17:27:30 EDT 2014
Begin analyzing:  79f56399-0145-4920-9506-abf06f6d5adf Sun Jul 20 17:28:01 EDT 2014
Begin analyzing:  5aa887b5-fe1d-4c4b-8f40-ecf3dfa1fbfa Sun Jul 20 17:28:47 EDT 2014
Begin analyzing:  203ab1ed-b2bc-4b0c-89e3-f9a94fa5f334 Sun Jul 20 17:28:52 EDT 2014
Begin analyzing:  418981c9-9deb-4c45-8f3a-f82770ede70f Sun Jul 20 17:29:58 EDT 2014
Begin analyzing:  25eb40da-c134-45ed-9c17-c2f2c7399bb0 Sun Jul 20 17:30:08 EDT 2014
Begin analyzing:  7f23af01-ba5c-43db-b460-613f7d0195ed Sun Jul 20 17:30:17 EDT 2014
Begin analyzing:  b3db1b82-46eb-454c-9070-8b6c8ca6b893 Sun Jul 20 17:30:25 EDT 2014
Begin analyzing:  4e6b4318-6dda-41ae-aeca-3d1781edd56f Sun Jul 20 17:30:28 EDT 2014
Begin analyzing:  02af0369-7fc6-4c24-8a79-e1f644ef84fa Sun Jul 20 17:30:31 EDT 2014
Begin analyzing:  f1fe7118-00da-4145-8747-da82503708e9 Sun Jul 20 17:30:55 EDT 2014
Begin analyzing:  2feecab7-b3f4-4566-8423-102b165fb2da Sun Jul 20 17:31:23 EDT 2014
Begin analyzing:  36156e36-bb95-431a-b7b4-2290eea3ea25 Sun Jul 20 17:31:36 EDT 2014
Begin analyzing:  b5b6b3b4-eb16-4489-8094-761c5372bc47 Sun Jul 20 17:35:51 EDT 2014
Begin analyzing:  60f49a25-d234-475b-b4b0-b0d0c08b0606 Sun Jul 20 17:35:56 EDT 2014
Begin analyzing:  22a45a36-a823-4e86-ae16-3ea9b7b28bc1 Sun Jul 20 17:41:22 EDT 2014
Begin analyzing:  7a1989a3-6e58-4cc1-92ad-5fc52478a159 Sun Jul 20 17:41:35 EDT 2014
Begin analyzing:  6dc729fc-570a-434b-8d85-76487af8d146 Sun Jul 20 17:42:57 EDT 2014
Begin analyzing:  c0366adf-400d-48ab-95c2-795b9a84b08f Sun Jul 20 17:43:01 EDT 2014
Begin analyzing:  9afb0ca6-0ac3-4189-8731-77205f9d8d20 Sun Jul 20 17:43:05 EDT 2014
Begin analyzing:  28784000-b95a-42fa-88b9-de29c50dca1a Sun Jul 20 17:45:18 EDT 2014
Begin analyzing:  9559312e-b54a-4e25-afa4-fb772163b1e4 Sun Jul 20 17:45:24 EDT 2014
Begin analyzing:  bd217c24-2e3e-4fdd-9ea8-b273455222fa Sun Jul 20 17:46:29 EDT 2014
Begin analyzing:  acf36424-09ef-4eb6-bcd9-49fc7e691210 Sun Jul 20 17:46:45 EDT 2014
Begin analyzing:  46db95d2-e362-4449-a908-b8bfdbb77a12 Sun Jul 20 17:46:55 EDT 2014
Begin analyzing:  921a14e9-48ca-48b0-a52a-cdfba61ee3aa Sun Jul 20 17:48:52 EDT 2014
Begin analyzing:  f12aa7a1-3587-4438-b1be-eb563a81027e Sun Jul 20 17:49:10 EDT 2014
Begin analyzing:  a64e6b1c-74f3-474d-8a02-c14e174f5839 Sun Jul 20 17:49:25 EDT 2014
Begin analyzing:  8994bbe5-0721-4a27-a7d4-2ac98b8cff73 Sun Jul 20 17:54:03 EDT 2014
Begin analyzing:  872f1f06-4c5a-4f24-8dd9-eae32638d54b Sun Jul 20 17:55:47 EDT 2014
Begin analyzing:  524a9eb8-f981-4f8b-9492-e50912e78465 Sun Jul 20 17:57:16 EDT 2014
Begin analyzing:  e86acf0f-9fd0-43e1-a47c-1df46e16fffd Sun Jul 20 17:57:52 EDT 2014
Begin analyzing:  4888c437-c3ae-4076-9560-0d8618b5c386 Sun Jul 20 17:58:06 EDT 2014
Begin analyzing:  6d853318-fbb5-4f07-bdbd-58bf68e32a71 Sun Jul 20 17:58:16 EDT 2014
Begin analyzing:  2451165a-a680-4d91-85ce-fdbad13f63e8 Sun Jul 20 17:58:40 EDT 2014
Begin analyzing:  a24a76f3-42de-474b-be46-0d8d6a72ac73 Sun Jul 20 18:00:10 EDT 2014
Begin analyzing:  4475f3f7-831c-4303-9a10-5221980512e1 Sun Jul 20 18:02:03 EDT 2014
Begin analyzing:  dc1bbec8-6dc7-4e2d-98ea-deb0bd93f848 Sun Jul 20 18:02:54 EDT 2014
Begin analyzing:  91c42e49-1b4c-4341-b853-395ff85b7573 Sun Jul 20 18:07:36 EDT 2014
Begin analyzing:  4fa9592a-54cf-4d38-8b05-26e1429e9fdb Sun Jul 20 18:07:48 EDT 2014
Begin analyzing:  e3981ea2-afa6-4447-a5c1-9f7c48ab9b9a Sun Jul 20 18:07:59 EDT 2014
Begin analyzing:  16c97b30-5a97-41b4-967c-e50cf7cacfc5 Sun Jul 20 18:08:26 EDT 2014
Begin analyzing:  048d384d-3c34-43a1-b217-602b3c3d4317 Sun Jul 20 18:08:43 EDT 2014
Begin analyzing:  ef608a9b-24a3-4c76-8ea3-a952c83234e4 Sun Jul 20 18:08:49 EDT 2014
Begin analyzing:  439fdc91-9b51-44e7-8deb-e8110102d154 Sun Jul 20 18:09:06 EDT 2014
Begin analyzing:  aa2c1f94-e2ff-406d-9aa7-0e65fdb35ec4 Sun Jul 20 18:09:16 EDT 2014
Begin analyzing:  c6401f0e-9707-4e90-9982-71057d3defe0 Sun Jul 20 18:09:24 EDT 2014
Begin analyzing:  469da225-f51c-47dc-b570-69985574476b Sun Jul 20 18:10:10 EDT 2014
Begin analyzing:  020bed89-15f3-42c7-93a8-62b4bf2f98ab Sun Jul 20 18:10:42 EDT 2014
Begin analyzing:  644ae87a-b8a4-450d-b284-dcc7e76199b7 Sun Jul 20 18:10:48 EDT 2014
Begin analyzing:  e04fb627-d82b-4f7f-8bb9-cdc182429d19 Sun Jul 20 18:10:54 EDT 2014
Begin analyzing:  ba25ec94-e87b-4558-a844-20f8bbf48aa8 Sun Jul 20 18:11:40 EDT 2014
Begin analyzing:  b1d6a006-f0fa-4cbb-b448-f9dcbf371cdb Sun Jul 20 18:12:52 EDT 2014
Begin analyzing:  84bfa243-6fbe-4805-a9cd-73eae1078684 Sun Jul 20 18:12:59 EDT 2014
Begin analyzing:  3156de52-829b-4b24-a6c1-c28f3c786657 Sun Jul 20 18:13:17 EDT 2014
Begin analyzing:  952db9f7-7c5b-4389-aea7-e8d6b2e9343c Sun Jul 20 18:13:21 EDT 2014
Begin analyzing:  744fc2e0-b0fe-4a92-8a42-62bdb5b2370a Sun Jul 20 18:14:40 EDT 2014
Begin analyzing:  d90179db-698a-4417-8f6d-00161f6898a3 Sun Jul 20 18:16:13 EDT 2014
Begin analyzing:  6ebac458-282a-4474-901b-8f1ed818bc6a Sun Jul 20 18:16:23 EDT 2014
Begin analyzing:  69c88e40-7b54-4790-98b7-7c55f942f73e Sun Jul 20 18:16:30 EDT 2014
Begin analyzing:  ed8dba8c-19a9-49f0-bf33-171d83057f29 Sun Jul 20 18:16:42 EDT 2014
Begin analyzing:  d85f4ecf-bfff-4a87-96d2-c1f9c2c9e837 Sun Jul 20 18:16:46 EDT 2014
Begin analyzing:  2b783424-0f0f-429d-8efe-334377598426 Sun Jul 20 18:16:56 EDT 2014
Begin analyzing:  18555728-cc6a-45f3-b854-d7930c80dcd7 Sun Jul 20 18:17:48 EDT 2014
Begin analyzing:  2af6ed83-4277-4df2-9b4d-91f533f923da Sun Jul 20 18:17:53 EDT 2014
Begin analyzing:  7e3df0a1-1d8d-4983-a505-df28384e1fc8 Sun Jul 20 18:17:57 EDT 2014
Begin analyzing:  c99b85d4-28f8-4268-9a1e-fd5e10d949b9 Sun Jul 20 18:19:21 EDT 2014
Begin analyzing:  6de05678-d6cf-43cf-8dec-1f54ed25f2ca Sun Jul 20 18:23:29 EDT 2014
Begin analyzing:  84f2dd55-8cd4-44b6-bd1c-1a970c7e7d3d Sun Jul 20 18:25:03 EDT 2014
Begin analyzing:  beefe532-a3b6-4280-8379-a42776ae1c30 Sun Jul 20 18:25:06 EDT 2014
Begin analyzing:  55b22723-7efe-4ff7-8cc3-46a84ecfd960 Sun Jul 20 18:25:14 EDT 2014
Begin analyzing:  b52c247b-c792-4dd6-a983-e5aaeb02f4e4 Sun Jul 20 18:30:11 EDT 2014
Begin analyzing:  42fdf50f-c6a6-44fb-a71a-a2e852e88aa5 Sun Jul 20 18:30:22 EDT 2014
Begin analyzing:  5275ee70-f306-4eac-8c93-3f10a962ae2b Sun Jul 20 18:30:53 EDT 2014
Begin analyzing:  f598d6bc-c286-4caf-967f-8c3d6cf820f9 Sun Jul 20 18:31:06 EDT 2014
Begin analyzing:  05908673-f00c-4036-8bb3-96067e9fd2b4 Sun Jul 20 18:31:09 EDT 2014
Begin analyzing:  59bf9bb0-f39a-4d51-b1ec-f6882536f50a Sun Jul 20 18:32:11 EDT 2014
Begin analyzing:  799ad95b-f040-42b9-82a8-850b2aef45db Sun Jul 20 18:32:19 EDT 2014
Begin analyzing:  9bef0eb2-0ba7-413f-863d-8ffe35f85a2b Sun Jul 20 18:33:27 EDT 2014
Begin analyzing:  03431e02-0025-4772-80dd-8d503e4035ef Sun Jul 20 18:33:31 EDT 2014
Begin analyzing:  8966ad30-2c99-4f22-b665-4213e9934fe0 Sun Jul 20 18:33:42 EDT 2014
Begin analyzing:  8a62f682-d6c6-4360-86fd-4a5f7518dc29 Sun Jul 20 18:34:54 EDT 2014
Begin analyzing:  38b5c60a-7704-477d-9644-6faf48376e2e Sun Jul 20 18:40:21 EDT 2014
Begin analyzing:  1d034cda-3bfe-4d2a-b871-a39d3e5d38de Sun Jul 20 18:46:15 EDT 2014
Begin analyzing:  088d156c-7c13-4b8a-9f00-97e9ca044ea7 Sun Jul 20 18:46:26 EDT 2014
Begin analyzing:  def996f5-5772-418c-aa61-6fe5e3f62cc6 Sun Jul 20 18:46:54 EDT 2014
Begin analyzing:  74b614d1-7804-4023-9961-aebb8fb7b1ed Sun Jul 20 18:47:04 EDT 2014
Begin analyzing:  6d486e04-7593-4832-99b9-4a54d45b3e0b Sun Jul 20 18:47:30 EDT 2014
Begin analyzing:  c34594d6-ac13-4366-a541-3d774f972581 Sun Jul 20 18:48:14 EDT 2014
Begin analyzing:  d4511f11-85d2-4776-8eaa-c603c812acb8 Sun Jul 20 18:51:54 EDT 2014
Begin analyzing:  8540d359-a1a2-4c7f-aee2-225e0faee500 Sun Jul 20 18:51:57 EDT 2014
Begin analyzing:  4e4ac430-7e10-45a6-8c1b-707bfd6e94c9 Sun Jul 20 18:52:06 EDT 2014
Begin analyzing:  e25d09d5-db9d-4d00-9568-4128517564a3 Sun Jul 20 18:52:13 EDT 2014
Begin analyzing:  bbb9396e-0285-4e34-b859-7615c91c3541 Sun Jul 20 18:53:12 EDT 2014
Begin analyzing:  b2b849a7-0ace-4384-81eb-8f7dec6e66fe Sun Jul 20 18:55:46 EDT 2014
Begin analyzing:  c2475f1c-89b9-4525-9808-bcd336ef4be7 Sun Jul 20 18:56:06 EDT 2014
Begin analyzing:  67182788-5f5a-49e2-9f40-52907f0413cc Sun Jul 20 18:56:56 EDT 2014
Begin analyzing:  60817b6d-6f68-400e-8fdf-838120f41051 Sun Jul 20 18:57:04 EDT 2014
Begin analyzing:  5cd13034-580a-4c85-8ea5-dc3f55396673 Sun Jul 20 18:57:07 EDT 2014
Begin analyzing:  ce9a2e92-7089-49ec-90f8-f2f359f76c5d Sun Jul 20 18:57:16 EDT 2014
Begin analyzing:  a4b2eb23-ec68-4fe0-946b-c1da3e662ea3 Sun Jul 20 18:58:36 EDT 2014
Begin analyzing:  13ea50ca-70b9-4ea5-90c5-c994675fc0cc Sun Jul 20 18:59:23 EDT 2014
Begin analyzing:  8e3e2fb4-0089-489d-8df3-85f52b9a25ea Sun Jul 20 18:59:34 EDT 2014
Begin analyzing:  e641c252-8527-4c3e-b9e6-c8d2cd0b0e14 Sun Jul 20 19:00:25 EDT 2014
Begin analyzing:  6aa9bb39-148e-49b9-9ea1-1e17d6e3831a Sun Jul 20 19:01:18 EDT 2014
Begin analyzing:  8741a4be-c6d7-47a5-8892-7cbab3c974c6 Sun Jul 20 19:01:30 EDT 2014
Begin analyzing:  69337590-040c-4035-b5e3-1b97cafb383e Sun Jul 20 19:01:39 EDT 2014
Begin analyzing:  69297051-7e20-4802-8a3b-f0cf13a55e2a Sun Jul 20 19:01:48 EDT 2014
Begin analyzing:  79b14771-b84b-4748-b6a8-b9ee0b73c800 Sun Jul 20 19:02:12 EDT 2014
Begin analyzing:  9963e657-7670-4a40-80e1-09cabdd2e120 Sun Jul 20 19:02:30 EDT 2014
Begin analyzing:  b8dec3ea-b25a-415f-8efa-a29e87051508 Sun Jul 20 19:02:40 EDT 2014
Begin analyzing:  17f51cfa-7d4a-440d-9ad4-375d752a148d Sun Jul 20 19:03:32 EDT 2014
Begin analyzing:  138ac770-fa86-49d6-b544-e8398d0496a1 Sun Jul 20 19:03:49 EDT 2014
Begin analyzing:  0abc7670-254a-46e5-a0ac-649aaa22491d Sun Jul 20 19:04:12 EDT 2014
Begin analyzing:  7592fd78-1664-49de-911c-3483b290b66d Sun Jul 20 19:04:40 EDT 2014
Begin analyzing:  97411a44-3fdd-4bc2-b84e-ea38cee83481 Sun Jul 20 19:05:04 EDT 2014
Begin analyzing:  ade6f9f4-416c-4f66-a8ca-e5fa3b6aaa19 Sun Jul 20 19:05:14 EDT 2014
Begin analyzing:  f5d3e9c8-5417-461f-a91c-95f35c0dfe02 Sun Jul 20 19:05:30 EDT 2014
Begin analyzing:  0a46b1d5-22f1-4d4d-a07a-c6ebac258a60 Sun Jul 20 19:05:54 EDT 2014
Begin analyzing:  8a82e6e6-740b-4cac-b6eb-322a57794586 Sun Jul 20 19:05:58 EDT 2014
Begin analyzing:  30a3b833-1322-4af8-aae9-86135edf79a2 Sun Jul 20 19:06:11 EDT 2014
Begin analyzing:  4a99c518-a724-4617-8b33-3cccdf72e517 Sun Jul 20 19:06:39 EDT 2014
Begin analyzing:  98545a56-49bf-4a37-b209-11d56e402f83 Sun Jul 20 19:07:48 EDT 2014
Begin analyzing:  83422a67-7cb8-42ff-9bd9-4d3c2d670bce Sun Jul 20 19:08:20 EDT 2014
Begin analyzing:  f857f928-437b-4c83-9477-42021930e48c Sun Jul 20 19:09:01 EDT 2014
Begin analyzing:  76147b28-cdff-49e4-b21a-16dd73170e1f Sun Jul 20 19:09:12 EDT 2014
Begin analyzing:  a337d010-179d-41ed-9b2b-6811257bc683 Sun Jul 20 19:10:02 EDT 2014
Begin analyzing:  21d33010-0391-47e8-b354-3d368dd8b40e Sun Jul 20 19:11:26 EDT 2014
Begin analyzing:  c2f5e72f-7acf-43c4-bc4d-124f8947ee06 Sun Jul 20 19:11:35 EDT 2014
Begin analyzing:  7cb0cb3d-62b1-4338-b715-1f3167aaa976 Sun Jul 20 19:13:00 EDT 2014
Begin analyzing:  3f8f5e30-a8eb-46c4-9916-e53b09c9c215 Sun Jul 20 19:13:14 EDT 2014
Begin analyzing:  1431b524-0218-4a44-b622-6178d9ec394e Sun Jul 20 19:13:46 EDT 2014
Begin analyzing:  d7a47f1c-a07c-463c-89fa-5221c20f06e5 Sun Jul 20 19:13:55 EDT 2014
Begin analyzing:  fe6e9f71-bdaa-4f5b-a3f6-d45cc87dbd43 Sun Jul 20 19:15:23 EDT 2014
Begin analyzing:  d25ed898-acd1-4f03-b1cd-cca3a4fe1d38 Sun Jul 20 19:16:37 EDT 2014
Begin analyzing:  a4c25963-560f-437a-a85b-69e094dfa3ab Sun Jul 20 19:16:41 EDT 2014
Begin analyzing:  0423e184-95b5-42b7-9702-514386298840 Sun Jul 20 19:16:56 EDT 2014
