../../scraper/downloads/full/81691fee-af18-47d6-a160-44821c17f513.apk
	RedFlags
		DEX {'NATIVE': 0, 'DYNAMIC': 1, 'CRYPTO': 0, 'REFLECTION': 1}
		APK {'DEX': 0, 'EXECUTABLE': 0, 'ZIP': 0, 'SHELL_SCRIPT': 0, 'APK': 0, 'SHARED LIBRARIES': 0}
		PERM {'PRIVACY': 4, 'NORMAL': 8, 'MONEY': 0, 'INTERNET': 1, 'SMS': 0, 'DANGEROUS': 7, 'SIGNATUREORSYSTEM': 0, 'CALL': 0, 'SIGNATURE': 0, 'GPS': 0}
	FuzzyRisk
		VALUE 51.1111111111
./androguard.sh: line 77: ./androapkinfo.py: Permission denied
../../scraper/downloads/full/81691fee-af18-47d6-a160-44821c17f513.apk
	RedFlags
		DEX {'NATIVE': 0, 'DYNAMIC': 1, 'CRYPTO': 0, 'REFLECTION': 1}
		APK {'DEX': 0, 'EXECUTABLE': 0, 'ZIP': 0, 'SHELL_SCRIPT': 0, 'APK': 0, 'SHARED LIBRARIES': 0}
		PERM {'PRIVACY': 4, 'NORMAL': 8, 'MONEY': 0, 'INTERNET': 1, 'SMS': 0, 'DANGEROUS': 7, 'SIGNATUREORSYSTEM': 0, 'CALL': 0, 'SIGNATURE': 0, 'GPS': 0}
	FuzzyRisk
		VALUE 51.1111111111
./androguard.sh: line 77: ./androapkinfo.py: Permission denied
../../scraper/downloads/full/81691fee-af18-47d6-a160-44821c17f513.apk
	RedFlags
		DEX {'NATIVE': 0, 'DYNAMIC': 1, 'CRYPTO': 0, 'REFLECTION': 1}
		APK {'DEX': 0, 'EXECUTABLE': 0, 'ZIP': 0, 'SHELL_SCRIPT': 0, 'APK': 0, 'SHARED LIBRARIES': 0}
		PERM {'PRIVACY': 4, 'NORMAL': 8, 'MONEY': 0, 'INTERNET': 1, 'SMS': 0, 'DANGEROUS': 7, 'SIGNATUREORSYSTEM': 0, 'CALL': 0, 'SIGNATURE': 0, 'GPS': 0}
	FuzzyRisk
		VALUE 51.1111111111
./androguard.sh: line 77: ./androapkinfo.py: Permission denied
