WARNING: unknown string item @ 16001
Traceback (most recent call last):
  File "/home/darwin/ProjectKrutz/tools/androguard/androguard/core/bytecodes/dvm.py", line 6982, in get_raw_string
    off = self.__manage_item[ "TYPE_STRING_ID_ITEM" ][idx].get_string_data_off()
IndexError: list index out of range
WARNING: error while decoding instruction ...unpack requires a string argument of length 2
Traceback (most recent call last):
  File "/home/darwin/ProjectKrutz/tools/androguard/androguard/core/bytecodes/dvm.py", line 6093, in get_instructions
    obj = get_extented_instruction(cm, op_value, insn[idx:])
  File "/home/darwin/ProjectKrutz/tools/androguard/androguard/core/bytecodes/dvm.py", line 6036, in get_extented_instruction
    return DALVIK_OPCODES_EXTENDED_WIDTH[op_value][0]( cm, buff )
  File "/home/darwin/ProjectKrutz/tools/androguard/androguard/core/bytecodes/dvm.py", line 5456, in __init__
    self.AAAA = unpack("=H", buff[6:8])[0]
error: unpack requires a string argument of length 2
WARNING: unknown string item @ 14865
Traceback (most recent call last):
  File "/home/darwin/ProjectKrutz/tools/androguard/androguard/core/bytecodes/dvm.py", line 6982, in get_raw_string
    off = self.__manage_item[ "TYPE_STRING_ID_ITEM" ][idx].get_string_data_off()
IndexError: list index out of range
WARNING: error while decoding instruction ...unpack requires a string argument of length 2
Traceback (most recent call last):
  File "/home/darwin/ProjectKrutz/tools/androguard/androguard/core/bytecodes/dvm.py", line 6093, in get_instructions
    obj = get_extented_instruction(cm, op_value, insn[idx:])
  File "/home/darwin/ProjectKrutz/tools/androguard/androguard/core/bytecodes/dvm.py", line 6036, in get_extented_instruction
    return DALVIK_OPCODES_EXTENDED_WIDTH[op_value][0]( cm, buff )
  File "/home/darwin/ProjectKrutz/tools/androguard/androguard/core/bytecodes/dvm.py", line 5526, in __init__
    self.AAAA = unpack("=H", buff[6:8])[0]
error: unpack requires a string argument of length 2
WARNING: unknown string item @ 20515
Traceback (most recent call last):
  File "/home/darwin/ProjectKrutz/tools/androguard/androguard/core/bytecodes/dvm.py", line 6982, in get_raw_string
    off = self.__manage_item[ "TYPE_STRING_ID_ITEM" ][idx].get_string_data_off()
IndexError: list index out of range
WARNING: unknown string item @ 41242
Traceback (most recent call last):
  File "/home/darwin/ProjectKrutz/tools/androguard/androguard/core/bytecodes/dvm.py", line 6982, in get_raw_string
    off = self.__manage_item[ "TYPE_STRING_ID_ITEM" ][idx].get_string_data_off()
IndexError: list index out of range
WARNING: unknown string item @ 46418
Traceback (most recent call last):
  File "/home/darwin/ProjectKrutz/tools/androguard/androguard/core/bytecodes/dvm.py", line 6982, in get_raw_string
    off = self.__manage_item[ "TYPE_STRING_ID_ITEM" ][idx].get_string_data_off()
IndexError: list index out of range
../../scraper/downloads/full/ed104a0d-e5aa-46ab-bbcc-52b3c1f0f3a0.apk
	RedFlags
		DEX {'NATIVE': 1, 'DYNAMIC': 0, 'CRYPTO': 1, 'REFLECTION': 1}
		APK {'DEX': 0, 'EXECUTABLE': 0, 'ZIP': 0, 'SHELL_SCRIPT': 0, 'APK': 0, 'SHARED LIBRARIES': 0}
		PERM {'PRIVACY': 1, 'NORMAL': 5, 'MONEY': 0, 'INTERNET': 1, 'SMS': 0, 'DANGEROUS': 5, 'SIGNATUREORSYSTEM': 0, 'CALL': 0, 'SIGNATURE': 0, 'GPS': 0}
	FuzzyRisk
		VALUE 51.1111111111
./androguard.sh: line 77: ./androapkinfo.py: Permission denied
